<?xml version="1.0" encoding="UTF-8"?>
<testng-results skipped="0" failed="0" total="1" passed="1">
  <reporter-output>
  </reporter-output>
  <suite name="Default suite" duration-ms="31321" started-at="2017-04-09T13:04:48Z" finished-at="2017-04-09T13:05:19Z">
    <groups>
    </groups>
    <test name="Default test" duration-ms="31321" started-at="2017-04-09T13:04:48Z" finished-at="2017-04-09T13:05:19Z">
      <class name="NaukriTest.NaukriLogin">
        <test-method status="PASS" signature="beforeTest()[pri:0, instance:NaukriTest.NaukriLogin@5419f379]" name="beforeTest" is-config="true" duration-ms="6040" started-at="2017-04-09T18:34:48Z" finished-at="2017-04-09T18:34:54Z">
          <reporter-output>
          </reporter-output>
        </test-method> <!-- beforeTest -->
        <test-method status="PASS" signature="f(java.lang.String, java.lang.String)[pri:0, instance:NaukriTest.NaukriLogin@5419f379]" name="f" duration-ms="22511" started-at="2017-04-09T18:34:54Z" data-provider="authentication" finished-at="2017-04-09T18:35:17Z">
          <params>
            <param index="0">
              <value>
                <![CDATA[kiranv23]]>
              </value>
            </param>
            <param index="1">
              <value>
                <![CDATA[kiran1234]]>
              </value>
            </param>
          </params>
          <reporter-output>
          </reporter-output>
        </test-method> <!-- f -->
        <test-method status="PASS" signature="afterTest()[pri:0, instance:NaukriTest.NaukriLogin@5419f379]" name="afterTest" is-config="true" duration-ms="2473" started-at="2017-04-09T18:35:17Z" finished-at="2017-04-09T18:35:19Z">
          <reporter-output>
          </reporter-output>
        </test-method> <!-- afterTest -->
      </class> <!-- NaukriTest.NaukriLogin -->
    </test> <!-- Default test -->
  </suite> <!-- Default suite -->
</testng-results>
